<?xml version="1.0" encoding="UTF-8"?>
<!-- Generated by org.testng.reporters.JUnitReportReporter -->
<testsuite hostname="WangQiang-PC" name="wq.autotest.NewTestNG" tests="2" failures="0" timestamp="18 Oct 2015 16:52:23 GMT" time="0.008" errors="0">
  <testcase name="f" time="0.006" classname="wq.autotest.NewTestNG"/>
  <testcase name="f" time="0.002" classname="wq.autotest.NewTestNG"/>
</testsuite> <!-- wq.autotest.NewTestNG -->
